<?xml version="1.0" encoding="UTF-8"?>
<!-- Generated by org.testng.reporters.JUnitReportReporter -->
<testsuite hostname="DESKTOP-4F94RKR" failures="0" tests="1" name="case1.Test_3" time="193.942" errors="0" timestamp="2023-01-22T07:04:58 IST" skipped="0">
  <testcase classname="case1.Test_3" name="Amazon" time="193.942"/>
  <system-out/>
</testsuite> <!-- case1.Test_3 -->
