<?xml version="1.0" encoding="UTF-8"?>
<!-- Generated by org.testng.reporters.JUnitReportReporter -->
<testsuite hostname="DESKTOP-4F94RKR" failures="0" tests="1" name="case1.Test_2" time="111.399" errors="0" timestamp="2023-01-15T14:33:37 IST" skipped="0">
  <testcase classname="case1.Test_2" name="Verify_Amazon" time="111.399"/>
  <system-out/>
</testsuite> <!-- case1.Test_2 -->
