<?xml version="1.0" encoding="UTF-8"?>
<!-- Generated by org.testng.reporters.JUnitReportReporter -->
<testsuite hostname="DESKTOP-4F94RKR" failures="0" tests="1" name="case1.Test_1" time="35.669" errors="0" timestamp="2023-01-14T11:39:53 IST" skipped="0">
  <testcase classname="case1.Test_1" name="Verify_login" time="35.669"/>
  <system-out/>
</testsuite> <!-- case1.Test_1 -->
